[tattooisttemplate-showcase.webflow.io/home.html]
[backblue.gif]
[fade.gif]
[index.html]
[assets-global.website-files.com/63e146b13f318ece894576af/css/tattooisttemplate-showcase.webflow.cde2848d3.css]
[ajax.googleapis.com/ajax/libs/webfont/1.6.26/webfont.js]
[assets-global.website-files.com/63e146b13f318ece894576af/63e146b13f318e4ad2457867_favicon-tattooist-template.svg]
[assets-global.website-files.com/63e146b13f318ece894576af/63e146b13f318e1af6457868_webclip-tattooist-template.svg]
[tattooisttemplate-showcase.webflow.io/about.html]
[tattooisttemplate-showcase.webflow.io/blog.html]
[tattooisttemplate-showcase.webflow.io/index.html]
[tattooisttemplate-showcase.webflow.io/artists.html]
[tattooisttemplate-showcase.webflow.io/portfolio.html]
[tattooisttemplate-showcase.webflow.io/pricing.html]
[tattooisttemplate-showcase.webflow.io/shop.html]
[tattooisttemplate-showcase.webflow.io/services.html]
[tattooisttemplate-showcase.webflow.io/service-single.html]
[tattooisttemplate-showcase.webflow.io/contact.html]
[tattooisttemplate-showcase.webflow.io/template-pages/start-here.html]
[tattooisttemplate-showcase.webflow.io/template-pages/style-guide.html]
[tattooisttemplate-showcase.webflow.io/template-pages/licenses.html]
[tattooisttemplate-showcase.webflow.io/template-pages/changelog.html]
[assets-global.website-files.com/63e146b13f318ece894576af/63e146b13f318e0daf457731_logo-header-tattooist-webflow-template.svg]
[tattooisttemplate-showcase.webflow.io/checkout.html]
[assets-global.website-files.com/63e146b13f318ece894576af/63e146b13f318e8fcf457734_logo-home-hero-tattooist-webflow-template.png]
[assets-global.website-files.com/63e146b13f318ece894576af/63e146b13f318e1131457739_icon-professional-tattoo-artists-tattooist-webflow-template.svg]
[assets-global.website-files.com/63e146b13f318ece894576af/63e146b13f318e293045773a_icon-premium-designs-tattooist-webflow-template.svg]
[assets-global.website-files.com/63e146b13f318ece894576af/63e146b13f318e20ef45773c_image-why-choosing-us-up-tattooist-webflow-template.jpg]
[assets-global.website-files.com/63e146b13f318ece894576af/63e146b13f318ea18a45773b_image-why-choosing-us-down-tattooist-webflow-template.jpg]
[assets-global.website-files.com/63e146b13f318ece894576af/63e146b13f318ead7645773d_floating-item-tattoo-machine-tattooist-webflow-template.svg]
[assets-global.website-files.com/63e146b13f318ece894576af/63e146b13f318e425b457872_icon-1-services-team-tattooist-template.svg]
[assets-global.website-files.com/63e146b13f318ece894576af/63e146b13f318e8737457874_icon-2-services-team-tattooist-template.svg]
[assets-global.website-files.com/63e146b13f318ece894576af/63e146b13f318e5c61457871_icon-3-services-team-tattooist-template.svg]
[assets-global.website-files.com/63e146b13f318ece894576af/63e146b13f318e9d8d457767_man-drawing-sketch-tablet-tattooist-webflow-template.jpg]
[assets-global.website-files.com/63e146b13f318ece894576af/63e146b13f318e7d51457740_image-take-a-look-at-our-tattoo-portfolio-tattooist-webflow-template.png]
[assets-global.website-files.com/63e146b13f318ece894576af/63e146b13f318e507f45785c_floating-item-home-dragon-tattoo-tattooist-webflow-template.png]
[assets-global.website-files.com/63e146b13f318ece894576af/63e146b13f318e83a1457741_floating-item-razor-tattooist-webflow-template.svg]
[tattooisttemplate-showcase.webflow.io/product/tattoo-ink-100ml.html]
[assets-global.website-files.com/63e146b13f318ec9e24576b7/63e146b13f318e81ab4578cf_image-8-shop-tattooist-template.png]
[tattooisttemplate-showcase.webflow.io/product/tattoo-ink-500ml.html]
[assets-global.website-files.com/63e146b13f318ec9e24576b7/63e146b13f318e4ddf4578ce_image-1-shop-tattooist-template.png]
[tattooisttemplate-showcase.webflow.io/product/tattoo-ink-100ml-color-pack.html]
[assets-global.website-files.com/63e146b13f318ec9e24576b7/63e146b13f318ef3284578cd_image-2-shop-tattooist-template.png]
[tattooisttemplate-showcase.webflow.io/product/tattoo-machine-model-x.html]
[assets-global.website-files.com/63e146b13f318ec9e24576b7/63e146b13f318ec6704578cc_image-3-shop-tattooist-template.png]
[assets-global.website-files.com/63e146b13f318ece894576af/63e146b13f318e1ebc45785d_floating-item-home-heart-tattoo-tattooist-webflow-template.png]
[assets-global.website-files.com/63e146b13f318ece894576af/63e146b13f318ea196457746_avatar-circle-jonn-carter-tattooist-x-webflow-template.png]
[assets-global.website-files.com/63e146b13f318ece894576af/63e146b13f318ec8d6457747_avatar-circle-sophie-moore-tattooist-x-webflow-template.png]
[assets-global.website-files.com/63e146b13f318ece894576af/63e146b13f318e4d70457748_avatar-circle-tomas-smith-tattooist-x-webflow-template.png]
[assets-global.website-files.com/63e146b13f318ece894576af/63e146b13f318e6589457743_image-great-tattoo-artists-what-our-clients-say-tattooist-webflow-template.jpg]
[assets-global.website-files.com/63e146b13f318ece894576af/63e146b13f318e7d89457744_image-beautiful-tattoo-artworks-what-our-clients-say-tattooist-webflow-template.jpg]
[assets-global.website-files.com/63e146b13f318ece894576af/63e146b13f318e08e7457745_image-one-of-the-best-tattoo-studios-what-our-clients-say-tattooist-webflow-template.jpg]
[assets-global.website-files.com/63e146b13f318ece894576af/63e146b13f318e2a66457762_icon-instagram-tattooist-x-webflow-template.png]
[assets-global.website-files.com/63e146b13f318ece894576af/63e146b13f318e2ff7457763_image-instagram-tattoo-top-1-tattooist-webflow-template.jpg]
[assets-global.website-files.com/63e146b13f318ece894576af/63e146b13f318e6475457764_image-instagram-tattoo-top-2-tattooist-webflow-template.jpg]
[assets-global.website-files.com/63e146b13f318ece894576af/63e146b13f318e9521457765_image-instagram-tattoo-bottom-1-tattooist-webflow-template.jpg]
[assets-global.website-files.com/63e146b13f318ece894576af/63e146b13f318ebb1a457766_image-instagram-tattoo-bottom-2-tattooist-webflow-template.jpg]
[d3e54v103j8qbb.cloudfront.net/js/jquery-3.5.1.min.dc5e7f18c8e71e.js]
[tattooisttemplate-showcase.webflow.io/home.html]
[assets-global.website-files.com/63e146b13f318ece894576af/js/webflow.8d7d8b784.js]
[d3e54v103j8qbb.cloudfront.net/img/background-image.svg]
[assets-global.website-files.com/63e146b13f318ece894576af/63e146b13f318ed42a457775_image-hero-contact-get-in-touch-today-tattooist-webflow-template.jpg]
[assets-global.website-files.com/63e146b13f318ece894576af/63e146b13f318e800f457733_image-hero-home-tattooist-webflow-template.jpg]
[assets-global.website-files.com/63e146b13f318ece894576af/63e146b13f318ebb21457761_image-instagram-fashion-designer-holding-clipboard-tattooist-webflow-template.jpg]
[assets-global.website-files.com/63e146b13f318ece894576af/63e146b13f318e4663457776_image-map-contact-details-tattooist-webflow-template.png]
[assets-global.website-files.com/63e146b13f318ece894576af/63e146b13f318e649a4577ad_image-blog-subscribe-tattooist-webflow-template.jpg]
[assets.website-files.com/63e146b13f318ece894576af/63e146b13f318e22de4576f0_social-icon-font.woff2]
[assets.website-files.com/63e146b13f318ece894576af/63e146b13f318e2e79457706_social-icon-font.ttf]
[assets.website-files.com/63e146b13f318ece894576af/63e146b13f318e5fb64576f8_social-icon-font.svg]
[assets.website-files.com/63e146b13f318ece894576af/63e146b13f318e1c684576fe_line-square-icons.woff2]
[assets.website-files.com/63e146b13f318ece894576af/63e146b13f318e807045770a_line-square-icons.ttf]
[assets.website-files.com/63e146b13f318ece894576af/63e146b13f318e48c54576f5_line-square-icons.svg]
[assets.website-files.com/63e146b13f318ece894576af/63e146b13f318e49a44576f1_filled-icon-font.woff2]
[assets.website-files.com/63e146b13f318ece894576af/63e146b13f318ef134457709_filled-icon-font.ttf]
[assets.website-files.com/63e146b13f318ece894576af/63e146b13f318e7d79457708_filled-icon-font.svg]
[assets.website-files.com/63e146b13f318ece894576af/63e146b13f318e5103457700_line-rounded-icons.woff2]
[assets.website-files.com/63e146b13f318ece894576af/63e146b13f318e36ec457703_line-rounded-icons.ttf]
[assets.website-files.com/63e146b13f318ece894576af/63e146b13f318e05714576ea_line-rounded-icons.svg]
[assets.website-files.com/63e146b13f318ece894576af/63e146b13f318ef430457869_GeneralSans-Regular.otf]
[assets.website-files.com/63e146b13f318ece894576af/63e146b13f318e1bcd45786a_GeneralSans-Medium.otf]
[assets.website-files.com/63e146b13f318ece894576af/63e146b13f318e296145786b_GeneralSans-Bold.otf]
[assets-global.website-files.com/63e146b13f318ece894576af/css/tattooisttemplate-showcase.webflow.cde2848d3.css]
[assets-global.website-files.com/63e146b13f318ece894576af/63e146b13f318e4ad2457867_favicon-tattooist-template.svg]
[assets-global.website-files.com/63e146b13f318ece894576af/63e146b13f318e1af6457868_webclip-tattooist-template.svg]
[assets-global.website-files.com/63e146b13f318ece894576af/63e146b13f318e160b457769_image-hero-about-our-studio-tattooist-webflow-template.jpg]
[assets-global.website-files.com/63e146b13f318ece894576af/63e146b13f318eede4457810_image-about-how-we-started-our-tattoo-studioo-tattooist-webflow-template.png]
[assets-global.website-files.com/63e146b13f318ece894576af/63e146b13f318eb61645776e_icon-skilled-tattoo-artists-tattooist-webflow-template.svg]
[assets-global.website-files.com/63e146b13f318ece894576af/63e146b13f318e47a445776a_image-about-why-our-studio-center-tattooist-webflow-template.jpg]
[assets-global.website-files.com/63e146b13f318ece894576af/63e146b13f318ebab845776b_icon-comfortable-tattooist-webflow-template.svg]
[assets-global.website-files.com/63e146b13f318ece894576af/63e146b13f318e84c145776d_icon-premium-desings-tattooist-webflow-template.svg]
[assets-global.website-files.com/63e146b13f318ece894576af/63e146b13f318e3c5245776c_icon-high-quality-equipment-tattooist-webflow-template.svg]
[assets-global.website-files.com/63e146b13f318ece894576af/63e146b13f318e01b3457854_floating-item-machine-tattoo-tattooist-webflow-template.svg]
[tattooisttemplate-showcase.webflow.io/team/matt-cannon.html]
[assets-global.website-files.com/63e146b13f318ec9e24576b7/63e146b13f318e8216457796_experienced-tattoo-artist-front-his-studio-matt-cannon-tattooist-webflow-template.png]
[tattooisttemplate-showcase.webflow.io/team/john-carter.html]
[assets-global.website-files.com/63627969e697b61273d5987b/6363f37c1ec90d18d5c06af6_experienced-tattoo-artist-front-his-studio-john-carter-tattooist-webflow-template.png]
[tattooisttemplate-showcase.webflow.io/team/daniel-cutts.html]
[assets-global.website-files.com/63e146b13f318ec9e24576b7/63e146b13f318e62f0457785_experienced-tattoo-artist-front-his-studio-daniel-cutts-tattooist-webflow-template.png]
[tattooisttemplate-showcase.webflow.io/team/tomas-smith.html]
[assets-global.website-files.com/63e146b13f318ec9e24576b7/63e146b13f318e54a1457774_experienced-tattoo-artist-front-his-studio-tomas-smith-tattooist-webflow-template.png]
[tattooisttemplate-showcase.webflow.io/about.html]
[tattooisttemplate-showcase.webflow.io/_https_/assets-global.website-files.com/63e146b13f318ec9e24576b7/63e146b13f318e7c8d4578dc_featured-image-1-blog-tattooist-template.jpg_]
[tattooisttemplate-showcase.webflow.io/blog/10-ideas-from-inktober-2023-for-your-perfect-tattoo.html]
[tattooisttemplate-showcase.webflow.io/blog-post-categories/articles.html]
[tattooisttemplate-showcase.webflow.io/blog-post-categories/resources.html]
[tattooisttemplate-showcase.webflow.io/blog-post-categories/news.html]
[tattooisttemplate-showcase.webflow.io/blog/5-tips-for-instagrammable-photos-of-your-tattoos.html]
[assets-global.website-files.com/63e146b13f318ec9e24576b7/63e146b13f318e48324578db_thumbnail-6-blog-tattooist-template.jpg]
[tattooisttemplate-showcase.webflow.io/blog/different-tattoo-designs-depending-on-your-style.html]
[assets-global.website-files.com/63e146b13f318ec9e24576b7/63e146b13f318e9efa4578d9_thumbnail-5-blog-tattooist-template.jpg]
[tattooisttemplate-showcase.webflow.io/blog/we-now-open-on-weekends-come-and-visit-us.html]
[assets-global.website-files.com/63e146b13f318ec9e24576b7/63e146b13f318e18ed4578d7_thumbnail-4-blog-tattooist-template.jpg]
[tattooisttemplate-showcase.webflow.io/blog/what-do-tattoos-mean-in-different-cultures.html]
[assets-global.website-files.com/63e146b13f318ec9e24576b7/63e146b13f318e88fc4578d5_thumbnail-3-blog-tattooist-template.jpg]
[tattooisttemplate-showcase.webflow.io/blog/what-are-the-least-painful-places-for-your-first-tattoo.html]
[assets-global.website-files.com/63e146b13f318ec9e24576b7/63e146b13f318e2cdd4578d3_thumbnail-2-blog-tattooist-template.jpg]
[assets-global.website-files.com/63e146b13f318ec9e24576b7/63e146b13f318e2a2d4578d0_thumbnail-1-blog-tattooist-template.jpg]
[tattooisttemplate-showcase.webflow.io/blog.html]
[assets-global.website-files.com/63e146b13f318ece894576af/63e146b13f318e3fde4577d4_blog-top-tattooist-webflow-template.png]
[assets-global.website-files.com/63e146b13f318ece894576af/63e146b13f318e7ecf4577ce_about-top-tattooist-webflow-template.png]
[assets-global.website-files.com/63e146b13f318ece894576af/63e146b13f318efee44577d3_portfolio-single-top-tattooist-webflow-template.png]
[assets-global.website-files.com/63e146b13f318ece894576af/63e146b13f318e13054577d0_home-top-tattooist-webflow-template.png]
[assets-global.website-files.com/63e146b13f318ece894576af/63e146b13f318e0f2e4577d5_shop-top-tattooist-webflow-template.png]
[assets-global.website-files.com/63e146b13f318ece894576af/63e146b13f318ec1934577d1_blog-single-top-tattooist-webflow-template.png]
[assets-global.website-files.com/63e146b13f318ece894576af/63e146b13f318e855d4577d6_service-single-top-tattooist-webflow-template.png]
[assets-global.website-files.com/63e146b13f318ece894576af/63e146b13f318e037c4577d2_contact-top-tattooist-webflow-template.png]
[assets-global.website-files.com/63e146b13f318ece894576af/63e146b13f318e13a84577f2_pages-whats-included-brix-templates-tattooist-webflow-template.png]
[assets-global.website-files.com/63e146b13f318ece894576af/63e146b13f318e662d4577f1_sections-whats-included-brix-templates-tattooist-webflow-template.png]
[assets-global.website-files.com/63e146b13f318ece894576af/63e146b13f318eda654577f0_styles-and-symbols-whats-included-brix-templates-tattooist-webflow-template.png]
[assets-global.website-files.com/63e146b13f318ece894576af/63e146b13f318e00484577cf_figma-file-included-brix-templates-tattooist-webflow-template.png]
[assets-global.website-files.com/63e146b13f318ece894576af/63e146b13f318e84114577d7_home-main-pages-tattooist-webflow-template.png]
[assets-global.website-files.com/63e146b13f318ece894576af/63e146b13f318e3fcc4577d9_about-main-pages-tattooist-webflow-template.png]
[assets-global.website-files.com/63e146b13f318ece894576af/63e146b13f318e557c4577e8_tattoo-artist-main-pages-tattooist-webflow-template.png]
[assets-global.website-files.com/63e146b13f318ece894576af/63e146b13f318ef4134577db_artist-single-main-pages-tattooist-webflow-template.png]
[assets-global.website-files.com/63e146b13f318ece894576af/63e146b13f318e2cfb4577e6_service-main-pages-tattooist-webflow-template.png]
[assets-global.website-files.com/63e146b13f318ece894576af/63e146b13f318e21564577e7_service-single-main-pages-tattooist-webflow-template.png]
[assets-global.website-files.com/63e146b13f318ece894576af/63e146b13f318ebe9c4577df_pricing-main-pages-tattooist-webflow-template.png]
[assets-global.website-files.com/63e146b13f318ece894576af/63e146b13f318e97204577e4_shop-main-pages-tattooist-webflow-template.png]
[assets-global.website-files.com/63e146b13f318ece894576af/63e146b13f318e384d4577de_shop-single-main-pages-tattooist-webflow-template.png]
[assets-global.website-files.com/63e146b13f318ece894576af/63e146b13f318e7a504577d8_portfolio-main-pages-tattooist-webflow-template.png]
[assets-global.website-files.com/63e146b13f318ece894576af/63e146b13f318eeb1c4577e5_portfolio-single-main-pages-tattooist-webflow-template.png]
[assets-global.website-files.com/63e146b13f318ece894576af/63e146b13f318ed5704577dc_blog-main-pages-tattooist-webflow-template.png]
[assets-global.website-files.com/63e146b13f318ece894576af/63e146b13f318e6b284577dd_blog-post-main-pages-tattooist-webflow-template.png]
[assets-global.website-files.com/63e146b13f318ece894576af/63e146b13f318e29624577da_contact-main-pages-tattooist-webflow-template.png]
[assets-global.website-files.com/63e146b13f318ece894576af/63e146b13f318e49d84577e9_404-not-found-tattooist-webflow-template.png]
[assets-global.website-files.com/63e146b13f318ece894576af/63e146b13f318e73764577ea_password-protected-tattooist-webflow-template.png]
[assets-global.website-files.com/63e146b13f318ece894576af/63e146b13f318e803b4577ec_3-headers-and-footers-tattooist-webflow-template.png]
[assets-global.website-files.com/63e146b13f318ece894576af/63e146b13f318e83264577eb_3-notification-bars-tattooist-webflow-template.png]
[assets-global.website-files.com/63e146b13f318ece894576af/63e146b13f318e24614577ed_custom-icon-set-tattooist-webflow-template.png]
[assets-global.website-files.com/63e146b13f318ece894576af/63e146b13f318eec404577ee_social-media-assets-tattooist-webflow-template.png]
[assets-global.website-files.com/63e146b13f318ece894576af/63e146b13f318ed5354577ef_email-signature-tattooist-webflow-template.png]
[assets-global.website-files.com/63e146b13f318ece894576af/63e146b13f318e212e457811_webflow-templates-brix-templates-tattooist-webflow-template.png]
[assets-global.website-files.com/63e146b13f318ece894576af/63e146b13f318e0494457878_logo-brix-template-webflow-template.svg]
[assets-global.website-files.com/63e146b13f318ece894576af/63e146b13f318e1a9a457879_webflow-templates-brix-templates-tattooist-webflow-template.png]
[tattooisttemplate-showcase.webflow.io/index.html]
[assets-global.website-files.com/63e146b13f318ece894576af/63e146b13f318ec6ad45785e_floating-item-heart-tattoo-tattooist-webflow-template.png]
[tattooisttemplate-showcase.webflow.io/team/sophie-moore.html]
[assets-global.website-files.com/63e146b13f318ec9e24576b7/63e146b13f318e4cf445775f_experienced-tattoo-artist-front-his-studio-sophie-moore-tattooist-webflow-template.png]
[tattooisttemplate-showcase.webflow.io/team/patric-weber.html]
[assets-global.website-files.com/63e146b13f318ec9e24576b7/63e146b13f318e592345774c_experienced-tattoo-artist-front-his-studio-patric-weber-tattooist-webflow-template.png]
[tattooisttemplate-showcase.webflow.io/team/lily-woods.html]
[assets-global.website-files.com/63e146b13f318ec9e24576b7/63e146b13f318e05d5457738_experienced-tattoo-artist-front-his-studio-lily-woods-tattooist-webflow-template.png]
[tattooisttemplate-showcase.webflow.io/team/will-marker.html]
[assets-global.website-files.com/63e146b13f318ec9e24576b7/63e146b13f318e3009457724_experienced-tattoo-artist-front-his-studio-will-marker-tattooist-webflow-template.png]
[tattooisttemplate-showcase.webflow.io/artists.html]
[tattooisttemplate-showcase.webflow.io/tattoo-portfolio-categories/color.html]
[tattooisttemplate-showcase.webflow.io/tattoo-portfolio-categories/black-and-white.html]
[tattooisttemplate-showcase.webflow.io/tattoo-portfolio-categories/full-body.html]
[tattooisttemplate-showcase.webflow.io/tattoo-portfolio/fish-tattoo.html]
[assets-global.website-files.com/63e146b13f318ec9e24576b7/63e146b13f318ed9034578c2_image-tattoo-portfolio-fish-tattooist-webflow-template.jpg]
[tattooisttemplate-showcase.webflow.io/tattoo-portfolio/trival-tattoo.html]
[assets-global.website-files.com/63e146b13f318ec9e24576b7/63e146b13f318e2b81457847_image-tattoo-portfolio-skull-tattooist-webflow-template.jpg]
[tattooisttemplate-showcase.webflow.io/tattoo-portfolio/roses-tattoo.html]
[assets-global.website-files.com/63e146b13f318ec9e24576b7/63e146b13f318e1acf45785b_image-tattoo-portfolio-roses-tattooist-webflow-template.jpg]
[tattooisttemplate-showcase.webflow.io/tattoo-portfolio/wolf-tattoo.html]
[assets-global.website-files.com/63e146b13f318ec9e24576b7/63e146b13f318e7e7245786f_image-tattoo-portfolio-wolf-tattooist-webflow-template.jpg]
[tattooisttemplate-showcase.webflow.io/tattoo-portfolio/rose-tattoo.html]
[assets-global.website-files.com/63e146b13f318ec9e24576b7/63e146b13f318e76b5457883_image-tattoo-portfolio-rose-tattooist-webflow-template.jpg]
[tattooisttemplate-showcase.webflow.io/tattoo-portfolio/wings-tattoo.html]
[assets-global.website-files.com/63e146b13f318ec9e24576b7/63e146b13f318e566e457895_image-tattoo-portfolio-wings-tattooist-webflow-template.jpg]
[tattooisttemplate-showcase.webflow.io/tattoo-portfolio/gorilla-tattoo.html]
[assets-global.website-files.com/63e146b13f318ec9e24576b7/63e146b13f318e25234578a6_image-tattoo-portfolio-gorilla-tattooist-webflow-template.jpg]
[tattooisttemplate-showcase.webflow.io/tattoo-portfolio/dices-tattoo.html]
[assets-global.website-files.com/63e146b13f318ec9e24576b7/63e146b13f318e793d4578b6_image-tattoo-portfolio-dices-tattooist-webflow-template.jpg]
[tattooisttemplate-showcase.webflow.io/tattoo-portfolio/woman-tattoo.html]
[assets-global.website-files.com/63e146b13f318ec9e24576b7/63e146b13f318ec5034578b7_image-tattoo-portfolio-woman-tattooist-webflow-template.jpg]
[tattooisttemplate-showcase.webflow.io/tattoo-portfolio/spectrum-tattoo.html]
[assets-global.website-files.com/63e146b13f318ec9e24576b7/63e146b13f318e291f4578b8_image-tattoo-portfolio-spectrum-tattooist-webflow-template.jpg]
[tattooisttemplate-showcase.webflow.io/tattoo-portfolio/snake-tattoo.html]
[assets-global.website-files.com/63e146b13f318ec9e24576b7/63e146b13f318e69244578b9_image-tattoo-portfolio-snake-tattooist-webflow-template.jpg]
[tattooisttemplate-showcase.webflow.io/tattoo-portfolio/horse-tattoo.html]
[assets-global.website-files.com/63e146b13f318ec9e24576b7/63e146b13f318e48be4578ba_image-tattoo-portfolio-horse-tattooist-webflow-template.jpg]
[tattooisttemplate-showcase.webflow.io/portfolio.html]
[assets-global.website-files.com/63e146b13f318ece894576af/63e146b13f318e24ae457855_floating-item-machine-tattoo-tattooist-webflow-template.svg]
[assets-global.website-files.com/63e146b13f318ece894576af/63e146b13f318e0df54577cd_icon-price-list-small-tattoo-tattooist-webflow-template.svg]
[assets-global.website-files.com/63e146b13f318ece894576af/63e146b13f318e37184577f8_icon-price-list-nose-piercing-tattooist-webflow-template.svg]
[assets-global.website-files.com/63e146b13f318ece894576af/63e146b13f318ef27045785f_floating-item-dragon-tattoo-tattooist-webflow-template.png]
[assets-global.website-files.com/63e146b13f318ece894576af/63e146b13f318e02b9457861_floating-item-archor-left-tattoo-tattooist-webflow-template.png]
[tattooisttemplate-showcase.webflow.io/pricing.html]
[tattooisttemplate-showcase.webflow.io/product/blue-ice-nose-piercing.html]
[assets-global.website-files.com/63e146b13f318ec9e24576b7/63e146b13f318e70414578cb_image-4-shop-tattooist-template.png]
[tattooisttemplate-showcase.webflow.io/product/gold-ear-expander-piercing.html]
[assets-global.website-files.com/63e146b13f318ec9e24576b7/63e146b13f318e7b654578c7_image-5-shop-tattooist-template.png]
[tattooisttemplate-showcase.webflow.io/product/silver-nose-piercing.html]
[assets-global.website-files.com/63e146b13f318ec9e24576b7/63e146b13f318e56434578ca_image-6-shop-tattooist-template.png]
[tattooisttemplate-showcase.webflow.io/product/after-tattoo-skincare-cream.html]
[assets-global.website-files.com/63e146b13f318ec9e24576b7/63e146b13f318e017b4578c9_image-7-shop-tattooist-template.png]
[tattooisttemplate-showcase.webflow.io/shop.html]
[assets-global.website-files.com/63e146b13f318ece894576af/63e146b13f318e53964577a6_floating-item-eyes-tattoo-tattooist-webflow-template.svg]
[assets-global.website-files.com/63e146b13f318ece894576af/63e146b13f318e320b457876_icon-4-services-team-tattooist-template.svg]
[assets-global.website-files.com/63e146b13f318ece894576af/63e146b13f318e7a7e457873_icon-5-services-team-tattooist-template.svg]
[tattooisttemplate-showcase.webflow.io/services.html]
[assets-global.website-files.com/63e146b13f318ece894576af/63e146b13f318e854a457875_icon-6-services-team-tattooist-template.svg]
[assets-global.website-files.com/63e146b13f318ece894576af/63e146b13f318e10174577b1_image-hero-service-single-tattooing-service-tattooist-webflow-template.jpg]
[assets-global.website-files.com/63e146b13f318ece894576af/63e146b13f318ebc5a4577b2_image-service-single-about-our-tattooing-service-tattooist-webflow-template.webp]
[assets-global.website-files.com/63e146b13f318ece894576af/63e146b13f318e15c44577b3_icon-20-year-of-why-experience-choose-our-services-tattooist-webflow-template.svg]
[assets-global.website-files.com/63e146b13f318ece894576af/63e146b13f318e32614577b5_icon-100%-safe--ecologic-ink-choose-our-services-tattooist-webflow-template.svg]
[tattooisttemplate-showcase.webflow.io/service-single.html]
[assets-global.website-files.com/63e146b13f318ece894576af/63e146b13f318e94e94577b4_icon-healthy-regulated-environment-choose-our-services-tattooist-webflow-template.svg]
[assets-global.website-files.com/63e146b13f318ece894576af/63e146b13f318e2be4457777_floating-item-rose-tattoo-tattooist-webflow-template.svg]
[assets-global.website-files.com/63e146b13f318ece894576af/63e146b13f318e4943457860_floating-item-archor-tattoo-tattooist-webflow-template.png]
[tattooisttemplate-showcase.webflow.io/contact.html]
[assets-global.website-files.com/63e146b13f318ece894576af/63e146b13f318e31a345788c_tattooist-webflow-template-and-ui-kit-color.png]
[assets-global.website-files.com/63e146b13f318ece894576af/63e146b13f318e091345788b_tattooist-webflow-template-and-ui-kit-typography.png]
[assets-global.website-files.com/63e146b13f318ece894576af/63e146b13f318e018c45787a_tattooist-webflow-template-and-ui-kit-custom-typography.png]
[assets-global.website-files.com/63e146b13f318ece894576af/63e146b13f318e0b76457885_tattooist-webflow-template-and-ui-kit-icons-and-graphics.png]
[assets-global.website-files.com/63e146b13f318ece894576af/63e146b13f318e4931457887_tattooist-webflow-template-and-ui-kit-static-content.png]
[assets-global.website-files.com/63e146b13f318ece894576af/63e146b13f318e1e5f457889_tattooist-webflow-template-and-ui-kit-CMS-content.png]
[assets-global.website-files.com/63e146b13f318ece894576af/63e146b13f318e9f2745787d_tattooist-webflow-template-and-ui-kit-CMS-Collection.png]
[assets-global.website-files.com/63e146b13f318ece894576af/63e146b13f318ed726457888_tattooist-webflow-template-and-ui-kit-CMS-page.png]
[assets-global.website-files.com/63e146b13f318ece894576af/63e146b13f318eddee45787f_tattooist-webflow-template-and-ui-kit-eCommerce-Content.png]
[assets-global.website-files.com/63e146b13f318ece894576af/63e146b13f318e589845787b_tattooist-webflow-template-and-ui-kit-eCommerce-collection.png]
[assets-global.website-files.com/63e146b13f318ece894576af/63e146b13f318e096345787c_tattooist-webflow-template-and-ui-kit-eCommerce-page.png]
[assets-global.website-files.com/63e146b13f318ece894576af/63e146b13f318ec8e9457886_tattooist-webflow-template-and-ui-kit-animations.png]
[assets-global.website-files.com/63e146b13f318ece894576af/63e146b13f318e700b457884_tattooist-webflow-template-and-ui-kit-responsive-design.png]
[assets-global.website-files.com/63e146b13f318ece894576af/63e146b13f318e9ad545788a_tattooist-webflow-template-and-ui-kit-seo.png]
[assets-global.website-files.com/63e146b13f318ece894576af/63e146b13f318e4a7445787e_tattooist-webflow-template-and-ui-kit-backups.png]
[tattooisttemplate-showcase.webflow.io/template-pages/start-here.html]
[assets-global.website-files.com/63e146b13f318ece894576af/63e146b13f318e7fb84576f7_typography-icon-style-guide-brix-templates.svg]
[assets-global.website-files.com/63e146b13f318ece894576af/63e146b13f318ed1af4576ec_buttons-icon-style-guide-brix-templates.svg]
[assets-global.website-files.com/63e146b13f318ece894576af/63e146b13f318e597c4576f6_inputs-icon-style-guide-brix-templates.svg]
[assets-global.website-files.com/63e146b13f318ece894576af/63e146b13f318e85c44576ed_avatars-icon-style-guide-brix-templates.svg]
[assets-global.website-files.com/63e146b13f318ece894576af/63e146b13f318e24254576f4_icons-icon-style-guide-brix-templates.svg]
[assets-global.website-files.com/63e146b13f318ece894576af/63e146b13f318e0edc4576ef_icon-font-icon-style-guide-brix-templates.svg]
[assets-global.website-files.com/63e146b13f318ece894576af/63e146b13f318e31aa4577f9_image-what-to-know-before-getting-tattooed-tattooist-webflow-template.jpg]
[assets-global.website-files.com/63e146b13f318ece894576af/63e146b13f318eb9a9457870_avatar-tattooist-template.png]
[assets-global.website-files.com/63e146b13f318ece894576af/63e146b13f318e021545784c_users-icon-tattooist-x-webflow-template.svg]
[assets-global.website-files.com/63e146b13f318ece894576af/63e146b13f318ec94945782e_increase-graph-icon-tattooist-x-webflow-template.svg]
[assets-global.website-files.com/63e146b13f318ece894576af/63e146b13f318e3361457848_support-icon-tattooist-x-webflow-template.svg]
[assets-global.website-files.com/63e146b13f318ece894576af/63e146b13f318e0f3c457814_building-icon-tattooist-x-webflow-template.svg]
[assets-global.website-files.com/63e146b13f318ece894576af/63e146b13f318ee5c1457815_briefcase-icon-tattooist-x-webflow-template.svg]
[assets-global.website-files.com/63e146b13f318ece894576af/63e146b13f318ec83b457839_plane-icon-tattooist-x-webflow-template.svg]
[assets-global.website-files.com/63e146b13f318ece894576af/63e146b13f318e56e745783e_rocket-icon-tattooist-x-webflow-template.svg]
[assets-global.website-files.com/63e146b13f318ece894576af/63e146b13f318e70b1457825_gear-icon-tattooist-x-webflow-template.svg]
[assets-global.website-files.com/63e146b13f318ece894576af/63e146b13f318e197245784b_test-icon-tattooist-x-webflow-template.svg]
[assets-global.website-files.com/63e146b13f318ece894576af/63e146b13f318e6fc545783d_report-icon-tattooist-x-webflow-template.svg]
[assets-global.website-files.com/63e146b13f318ece894576af/63e146b13f318e72f6457843_star-icon-tattooist-x-webflow-template.svg]
[assets-global.website-files.com/63e146b13f318ece894576af/63e146b13f318e2a4c45782f_image-icon-tattooist-x-webflow-template.svg]
[assets-global.website-files.com/63e146b13f318ece894576af/63e146b13f318e511c457835_key-icon-tattooist-x-webflow-template.svg]
[assets-global.website-files.com/63e146b13f318ece894576af/63e146b13f318e304c457816_calculator-icon-tattooist-x-webflow-template.svg]
[assets-global.website-files.com/63e146b13f318ece894576af/63e146b13f318e169445781a_credit-card-icon-tattooist-x-webflow-template.svg]
[assets-global.website-files.com/63e146b13f318ece894576af/63e146b13f318e1396457819_cart-icon-tattooist-x-webflow-template.svg]
[assets-global.website-files.com/63e146b13f318ece894576af/63e146b13f318e530e45784d_target-icon-tattooist-x-webflow-template.svg]
[assets-global.website-files.com/63e146b13f318ece894576af/63e146b13f318e24d2457812_barchart-icon-tattooist-x-webflow-template.svg]
[assets-global.website-files.com/63e146b13f318ece894576af/63e146b13f318e3a7f457840_server-icon-tattooist-x-webflow-template.svg]
[assets-global.website-files.com/63e146b13f318ece894576af/63e146b13f318ed692457850_wifi-icon-tattooist-x-webflow-template.svg]
[assets-global.website-files.com/63e146b13f318ece894576af/63e146b13f318e2a8145782d_link-icon-tattooist-x-webflow-template.svg]
[assets-global.website-files.com/63e146b13f318ece894576af/63e146b13f318e6e63457813_camera-icon-tattooist-x-webflow-template.svg]
[assets-global.website-files.com/63e146b13f318ece894576af/63e146b13f318ea1b3457849_video-camera-icon-tattooist-x-webflow-template.svg]
[assets-global.website-files.com/63e146b13f318ece894576af/63e146b13f318e539945784f_video-icon-tattooist-x-webflow-template.svg]
[assets-global.website-files.com/63e146b13f318ece894576af/63e146b13f318e0f6e457851_web-design-icon-tattooist-x-webflow-template.svg]
[assets-global.website-files.com/63e146b13f318ece894576af/63e146b13f318e272745781b_design-icon-tattooist-x-webflow-template.svg]
[assets-global.website-files.com/63e146b13f318ece894576af/63e146b13f318e4c01457820_code-icon-tattooist-x-webflow-template.svg]
[assets-global.website-files.com/63e146b13f318ece894576af/63e146b13f318ea783457842_share-icon-tattooist-x-webflow-template.svg]
[tattooisttemplate-showcase.webflow.io/template-pages/style-guide.html]
[assets-global.website-files.com/63e146b13f318ece894576af/63e146b13f318e6076457841_sand-icon-tattooist-x-webflow-template.svg]
[assets-global.website-files.com/63e146b13f318ece894576af/63e146b13f318e7b8f457803_unsplash-license-image-1-tattooist-x-webflow-template.jpg]
[assets-global.website-files.com/63e146b13f318ece894576af/63e146b13f318e4354457805_unsplash-license-image-2-tattooist-x-webflow-template.jpg]
[assets-global.website-files.com/63e146b13f318ece894576af/63e146b13f318e24d8457804_unsplash-license-image-3-tattooist-x-webflow-template.jpg]
[assets-global.website-files.com/63e146b13f318ece894576af/63e146b13f318e157d457807_pexels-license-image-1-tattooist-x-webflow-template.jpg]
[assets-global.website-files.com/63e146b13f318ece894576af/63e146b13f318e59ca457806_pexels-license-image-2-tattooist-x-webflow-template.jpg]
[assets-global.website-files.com/63e146b13f318ece894576af/63e146b13f318e7f7f45780c_pexels-license-image-3-tattooist-x-webflow-template.jpg]
[assets-global.website-files.com/63e146b13f318ece894576af/63e146b13f318e808445780d_freepik-license-image-1-tattooist-x-webflow-template.png]
[assets-global.website-files.com/63e146b13f318ece894576af/63e146b13f318eb57e45780f_freepik-license-image-9-tattooist-x-webflow-template.png]
[assets-global.website-files.com/63e146b13f318ece894576af/63e146b13f318e4f2145780e_freepik-license-image-10-tattooist-x-webflow-template.png]
[tattooisttemplate-showcase.webflow.io/template-pages/licenses.html]
[tattooisttemplate-showcase.webflow.io/template-pages/changelog.html]
[assets-global.website-files.com/63e146b13f318ece894576af/63e146b13f318e0daf457731_logo-header-tattooist-webflow-template.svg]
[assets-global.website-files.com/63e146b13f318ece894576af/63e146b13f318e64ae457768_icon-cart-home-header-tattooist-webflow-template.svg]
[tattooisttemplate-showcase.webflow.io/checkout.html]
[assets-global.website-files.com/63e146b13f318ece894576af/63e146b13f318e1131457739_icon-professional-tattoo-artists-tattooist-webflow-template.svg]
[assets-global.website-files.com/63e146b13f318ece894576af/63e146b13f318e293045773a_icon-premium-designs-tattooist-webflow-template.svg]
[assets-global.website-files.com/63e146b13f318ece894576af/63e146b13f318ead7645773d_floating-item-tattoo-machine-tattooist-webflow-template.svg]
[assets-global.website-files.com/63e146b13f318ece894576af/63e146b13f318e301e45773e_icon-diamond-about-our-services-tattooist-webflow-template.svg]
[assets-global.website-files.com/63e146b13f318ece894576af/63e146b13f318e425b457872_icon-1-services-team-tattooist-template.svg]
[assets-global.website-files.com/63e146b13f318ece894576af/63e146b13f318e8737457874_icon-2-services-team-tattooist-template.svg]
[assets-global.website-files.com/63e146b13f318ece894576af/63e146b13f318e5c61457871_icon-3-services-team-tattooist-template.svg]
[assets-global.website-files.com/63e146b13f318ece894576af/63e146b13f318e1bc645773f_icon-play-video-tattooist-webflow-template.svg]
[assets-global.website-files.com/63e146b13f318ece894576af/63e146b13f318e83a1457741_floating-item-razor-tattooist-webflow-template.svg]
[assets-global.website-files.com/63e146b13f318ec9e24576b7/63e146b13f318e39314578c4_more-images-1-shop-tattooist-template.png]
[assets-global.website-files.com/63e146b13f318ec9e24576b7/63e146b13f318e3c144578c5_more-images-2-shop-tattooist-template.png]
[assets-global.website-files.com/63e146b13f318ec9e24576b7/63e146b13f318e61724578c6_more-images-3-shop-tattooist-template.png]
[assets-global.website-files.com/63e146b13f318ece894576af/63e146b13f318e87b74577fe_icon-list-high-quality-products-only-tattooist-webflow-template.svg]
[tattooisttemplate-showcase.webflow.io/product/tattoo-ink-100ml.html]
[tattooisttemplate-showcase.webflow.io/product/tattoo-ink-500ml.html]
[tattooisttemplate-showcase.webflow.io/product/tattoo-ink-100ml-color-pack.html]
[tattooisttemplate-showcase.webflow.io/product/tattoo-machine-model-x.html]
[d3e54v103j8qbb.cloudfront.net/static/custom-checkbox-checkmark.589d534424.svg]
[assets-global.website-files.com/63e146b13f318ece894576af/63e146b13f318eee614576f3_check-form-brix-templates-webflow.svg]
[d3e54v103j8qbb.cloudfront.net/img/background-image.svg]
[assets-global.website-files.com/63e146b13f318ece894576af/63e146b13f318e4a074577fd_icon-list-worldwide-shipping-tattooist-webflow-template.svg]
[assets.website-files.com/63e146b13f318ece894576af/63e146b13f318e5fb64576f8_social-icon-font.svg]
[assets.website-files.com/63e146b13f318ece894576af/63e146b13f318e48c54576f5_line-square-icons.svg]
[assets.website-files.com/63e146b13f318ece894576af/63e146b13f318e7d79457708_filled-icon-font.svg]
[assets.website-files.com/63e146b13f318ece894576af/63e146b13f318e05714576ea_line-rounded-icons.svg]
[assets-global.website-files.com/63e146b13f318ece894576af/63e146b13f318eb61645776e_icon-skilled-tattoo-artists-tattooist-webflow-template.svg]
[assets-global.website-files.com/63e146b13f318ece894576af/63e146b13f318ebab845776b_icon-comfortable-tattooist-webflow-template.svg]
[assets-global.website-files.com/63e146b13f318ece894576af/63e146b13f318e84c145776d_icon-premium-desings-tattooist-webflow-template.svg]
[assets-global.website-files.com/63e146b13f318ece894576af/63e146b13f318e3c5245776c_icon-high-quality-equipment-tattooist-webflow-template.svg]
[assets-global.website-files.com/63e146b13f318ece894576af/63e146b13f318e01b3457854_floating-item-machine-tattoo-tattooist-webflow-template.svg]
[assets-global.website-files.com/63e146b13f318ece894576af/63e146b13f318e41f3457770_floating-item-machine-tattoo-tattooist-webflow-template.svg]
[assets-global.website-files.com/63e146b13f318ece894576af/63e146b13f318e4cf645776f_floating-item-diamond-tattooist-webflow-template.svg]
[assets-global.website-files.com/63e146b13f318ec9e24576b7/63e146b13f318e71c74578c3_image-team-tattooist-template.jpg]
[tattooisttemplate-showcase.webflow.io/team/matt-cannon.html]
[assets-global.website-files.com/63e146b13f318ec9e24576b7/63e146b13f318e54e64577b9_experienced-tattoo-artist-front-his-studio-john-carter-tattooist-webflow-template.png]
[tattooisttemplate-showcase.webflow.io/team/john-carter.html]
[assets-global.website-files.com/63e146b13f318ec9e24576b7/63e146b13f318e33ee4577cc_experienced-tattoo-artist-front-his-studio-daniel-cutts-tattooist-webflow-template.png]
[tattooisttemplate-showcase.webflow.io/team/daniel-cutts.html]
[assets-global.website-files.com/63e146b13f318ec9e24576b7/63e146b13f318e2f364577e3_experienced-tattoo-artist-front-his-studio-tomas-smith-tattooist-webflow-template.png]
[tattooisttemplate-showcase.webflow.io/team/tomas-smith.html]
[tattooisttemplate-showcase.webflow.io/_https_/assets-global.website-files.com/63e146b13f318ec9e24576b7/63e146b13f318e7c8d4578dc_featured-image-1-blog-tattooist-template.html]
[assets-global.website-files.com/63e146b13f318ec9e24576b7/63e146b13f318e68d34578d1_image-1-blog-tattooist-template.jpg]
[assets-global.website-files.com/63e146b13f318ece894576af/63e146b13f318e30ee457863_floating-item-bird-tattoo-tattooist-webflow-template.png]
[assets-global.website-files.com/63e146b13f318ec9e24576b7/63e146b13f318e0e394578c1_6369959ae696f0424430d8f0_image-what-to-know-before-getting-tattooed-tattooist-webflow-template.jpg]
[assets-global.website-files.com/63e146b13f318ece894576af/63e146b13f318e3ac8457862_floating-item-dragon-left-tattoo-tattooist-webflow-template.png]
[tattooisttemplate-showcase.webflow.io/blog/10-ideas-from-inktober-2023-for-your-perfect-tattoo.html]
[tattooisttemplate-showcase.webflow.io/blog-post-categories/articles.html]
[tattooisttemplate-showcase.webflow.io/blog-post-categories/resources.html]
[tattooisttemplate-showcase.webflow.io/blog-post-categories/news.html]
[assets-global.website-files.com/63e146b13f318ec9e24576b7/63e146b13f318e82b44578da_image-6-blog-tattooist-template.jpg]
[tattooisttemplate-showcase.webflow.io/blog/5-tips-for-instagrammable-photos-of-your-tattoos.html]
[assets-global.website-files.com/63e146b13f318ec9e24576b7/63e146b13f318e77b24578d8_image-5-blog-tattooist-template.jpg]
[tattooisttemplate-showcase.webflow.io/blog/different-tattoo-designs-depending-on-your-style.html]
[assets-global.website-files.com/63e146b13f318ec9e24576b7/63e146b13f318e03a14578d6_image-4-blog-tattooist-template.jpg]
[tattooisttemplate-showcase.webflow.io/blog/we-now-open-on-weekends-come-and-visit-us.html]
[assets-global.website-files.com/63e146b13f318ec9e24576b7/63e146b13f318e3c704578d4_image-3-blog-tattooist-template.jpg]
[tattooisttemplate-showcase.webflow.io/blog/what-do-tattoos-mean-in-different-cultures.html]
[assets-global.website-files.com/63e146b13f318ec9e24576b7/63e146b13f318e8ad74578d2_image-2-blog-tattooist-template.jpg]
[tattooisttemplate-showcase.webflow.io/blog/what-are-the-least-painful-places-for-your-first-tattoo.html]
[assets-global.website-files.com/63627969e697b69f5ad5987a/63627969e697b60a90d599d6_figma-request-file-brix-templates.svg]
[assets-global.website-files.com/63e146b13f318ece894576af/6528e51ed832aae1bfed8f1e_webflow-logo.svg]
[assets-global.website-files.com/63e146b13f318ece894576af/63e146b13f318e0494457878_logo-brix-template-webflow-template.svg]
[assets-global.website-files.com/63e146b13f318ec9e24576b7/63e146b13f318e4e864577f7_experienced-tattoo-artist-front-his-studio-sophie-moore-tattooist-webflow-template.png]
[tattooisttemplate-showcase.webflow.io/team/sophie-moore.html]
[assets-global.website-files.com/63e146b13f318ec9e24576b7/63e146b13f318ec1d545780b_experienced-tattoo-artist-front-his-studio-patric-weber-tattooist-webflow-template.png]
[tattooisttemplate-showcase.webflow.io/team/patric-weber.html]
[assets-global.website-files.com/63e146b13f318ec9e24576b7/63e146b13f318ee3c145781f_experienced-tattoo-artist-front-his-studio-lily-woods-tattooist-webflow-template.png]
[tattooisttemplate-showcase.webflow.io/team/lily-woods.html]
[assets-global.website-files.com/63e146b13f318ec9e24576b7/63e146b13f318e1fc0457833_experienced-tattoo-artist-front-his-studio-will-marker-tattooist-webflow-template.png]
[tattooisttemplate-showcase.webflow.io/team/will-marker.html]
[tattooisttemplate-showcase.webflow.io/tattoo-portfolio-categories/color.html]
[tattooisttemplate-showcase.webflow.io/tattoo-portfolio-categories/black-and-white.html]
[tattooisttemplate-showcase.webflow.io/tattoo-portfolio-categories/full-body.html]
[assets-global.website-files.com/63e146b13f318ec9e24576b7/63e146b13f318ef6a64578e2_image-1-gallery-portfolio-tattooist-template.jpg]
[assets-global.website-files.com/63e146b13f318ec9e24576b7/63e146b13f318ec59a4578e3_image-2-gallery-portfolio-tattooist-template.jpg]
[assets-global.website-files.com/63e146b13f318ec9e24576b7/63e146b13f318e35154578e4_image-3-gallery-portfolio-tattooist-template.jpg]
[tattooisttemplate-showcase.webflow.io/tattoo-portfolio/fish-tattoo.html]
[tattooisttemplate-showcase.webflow.io/tattoo-portfolio/trival-tattoo.html]
[tattooisttemplate-showcase.webflow.io/tattoo-portfolio/roses-tattoo.html]
[tattooisttemplate-showcase.webflow.io/tattoo-portfolio/wolf-tattoo.html]
[tattooisttemplate-showcase.webflow.io/tattoo-portfolio/rose-tattoo.html]
[tattooisttemplate-showcase.webflow.io/tattoo-portfolio/wings-tattoo.html]
[tattooisttemplate-showcase.webflow.io/tattoo-portfolio/gorilla-tattoo.html]
[tattooisttemplate-showcase.webflow.io/tattoo-portfolio/dices-tattoo.html]
[tattooisttemplate-showcase.webflow.io/tattoo-portfolio/woman-tattoo.html]
[tattooisttemplate-showcase.webflow.io/tattoo-portfolio/spectrum-tattoo.html]
[tattooisttemplate-showcase.webflow.io/tattoo-portfolio/snake-tattoo.html]
[tattooisttemplate-showcase.webflow.io/tattoo-portfolio/horse-tattoo.html]
[assets-global.website-files.com/63e146b13f318ece894576af/63e146b13f318e24ae457855_floating-item-machine-tattoo-tattooist-webflow-template.svg]
[assets-global.website-files.com/63e146b13f318ece894576af/63e146b13f318e0df54577cd_icon-price-list-small-tattoo-tattooist-webflow-template.svg]
[assets-global.website-files.com/63e146b13f318ece894576af/63e146b13f318e37184577f8_icon-price-list-nose-piercing-tattooist-webflow-template.svg]
[assets-global.website-files.com/63e146b13f318ece894576af/63e146b13f318e8ba94577f3_icon-price-list-tattoo-removal-tattooist-webflow-template.svg]
[tattooisttemplate-showcase.webflow.io/product/blue-ice-nose-piercing.html]
[tattooisttemplate-showcase.webflow.io/product/gold-ear-expander-piercing.html]
[tattooisttemplate-showcase.webflow.io/product/silver-nose-piercing.html]
[tattooisttemplate-showcase.webflow.io/product/after-tattoo-skincare-cream.html]
[assets-global.website-files.com/63e146b13f318ece894576af/63e146b13f318e53964577a6_floating-item-eyes-tattoo-tattooist-webflow-template.svg]
[assets-global.website-files.com/63e146b13f318ece894576af/63e146b13f318e320b457876_icon-4-services-team-tattooist-template.svg]
[assets-global.website-files.com/63e146b13f318ece894576af/63e146b13f318e7a7e457873_icon-5-services-team-tattooist-template.svg]
[assets-global.website-files.com/63e146b13f318ece894576af/63e146b13f318e854a457875_icon-6-services-team-tattooist-template.svg]
[assets-global.website-files.com/63e146b13f318ece894576af/63e146b13f318e15c44577b3_icon-20-year-of-why-experience-choose-our-services-tattooist-webflow-template.svg]
[assets-global.website-files.com/63e146b13f318ece894576af/63e146b13f318e32614577b5_icon-100%-safe--ecologic-ink-choose-our-services-tattooist-webflow-template.svg]
[assets-global.website-files.com/63e146b13f318ece894576af/63e146b13f318e94e94577b4_icon-healthy-regulated-environment-choose-our-services-tattooist-webflow-template.svg]
[assets-global.website-files.com/63e146b13f318ece894576af/63e146b13f318e2be4457777_floating-item-rose-tattoo-tattooist-webflow-template.svg]
[assets-global.website-files.com/63e146b13f318ece894576af/63e146b13f318e8ca54576da_colors-icon-style-guide-brix-templates.svg]
[assets-global.website-files.com/63e146b13f318ece894576af/63e146b13f318e7fb84576f7_typography-icon-style-guide-brix-templates.svg]
[assets-global.website-files.com/63e146b13f318ece894576af/63e146b13f318e78904576fd_shadows-icon-style-guide-brix-templates.svg]
[assets-global.website-files.com/63e146b13f318ece894576af/63e146b13f318ed1af4576ec_buttons-icon-style-guide-brix-templates.svg]
[assets-global.website-files.com/63e146b13f318ece894576af/63e146b13f318e010b457702_links-icon-style-guide-brix-templates.svg]
[assets-global.website-files.com/63e146b13f318ece894576af/63e146b13f318e34464576ee_badges-icon-style-guide-brix-templates.svg]
[assets-global.website-files.com/63e146b13f318ece894576af/63e146b13f318e597c4576f6_inputs-icon-style-guide-brix-templates.svg]
[assets-global.website-files.com/63e146b13f318ece894576af/63e146b13f318e85c44576ed_avatars-icon-style-guide-brix-templates.svg]
[assets-global.website-files.com/63e146b13f318ece894576af/63e146b13f318e24254576f4_icons-icon-style-guide-brix-templates.svg]
[assets-global.website-files.com/63e146b13f318ece894576af/63e146b13f318e0edc4576ef_icon-font-icon-style-guide-brix-templates.svg]
[assets-global.website-files.com/63e146b13f318ece894576af/63e146b13f318e808545782a_email-icon-tattooist-x-webflow-template.svg]
[assets-global.website-files.com/63e146b13f318ece894576af/63e146b13f318e584e45783c_phone-icon-tattooist-x-webflow-template.svg]
[assets-global.website-files.com/63e146b13f318ece894576af/63e146b13f318e021545784c_users-icon-tattooist-x-webflow-template.svg]
[assets-global.website-files.com/63e146b13f318ece894576af/63e146b13f318e725a457828_download-icon-tattooist-x-webflow-template.svg]
[assets-global.website-files.com/63e146b13f318ece894576af/63e146b13f318e2647457829_heart-icon-tattooist-x-webflow-template.svg]
[assets-global.website-files.com/63e146b13f318ece894576af/63e146b13f318ec94945782e_increase-graph-icon-tattooist-x-webflow-template.svg]
[assets-global.website-files.com/63e146b13f318ece894576af/63e146b13f318e3361457848_support-icon-tattooist-x-webflow-template.svg]
[assets-global.website-files.com/63e146b13f318ece894576af/63e146b13f318e0f3c457814_building-icon-tattooist-x-webflow-template.svg]
[assets-global.website-files.com/63e146b13f318ece894576af/63e146b13f318ee5c1457815_briefcase-icon-tattooist-x-webflow-template.svg]
[assets-global.website-files.com/63e146b13f318ece894576af/63e146b13f318ed622457836_paper-plane-icon-tattooist-x-webflow-template.svg]
[assets-global.website-files.com/63e146b13f318ece894576af/63e146b13f318ec83b457839_plane-icon-tattooist-x-webflow-template.svg]
[assets-global.website-files.com/63e146b13f318ece894576af/63e146b13f318e56e745783e_rocket-icon-tattooist-x-webflow-template.svg]
[assets-global.website-files.com/63e146b13f318ece894576af/63e146b13f318e7192457827_flag-icon-tattooist-x-webflow-template.svg]
[assets-global.website-files.com/63e146b13f318ece894576af/63e146b13f318e70b1457825_gear-icon-tattooist-x-webflow-template.svg]
[assets-global.website-files.com/63e146b13f318ece894576af/63e146b13f318e197245784b_test-icon-tattooist-x-webflow-template.svg]
[assets-global.website-files.com/63e146b13f318ece894576af/63e146b13f318e42da457821_data-icon-tattooist-x-webflow-template.svg]
[assets-global.website-files.com/63e146b13f318ece894576af/63e146b13f318e6fc545783d_report-icon-tattooist-x-webflow-template.svg]
[assets-global.website-files.com/63e146b13f318ece894576af/63e146b13f318e8a0045782c_mobile-icon-tattooist-x-webflow-template.svg]
[assets-global.website-files.com/63e146b13f318ece894576af/63e146b13f318e125b457824_desktop-icon-tattooist-x-webflow-template.svg]
[assets-global.website-files.com/63e146b13f318ece894576af/63e146b13f318e72f6457843_star-icon-tattooist-x-webflow-template.svg]
[assets-global.website-files.com/63e146b13f318ece894576af/63e146b13f318e2a4c45782f_image-icon-tattooist-x-webflow-template.svg]
[assets-global.website-files.com/63e146b13f318ece894576af/63e146b13f318eb02b457838_password-icon-tattooist-x-webflow-template.svg]
[assets-global.website-files.com/63e146b13f318ece894576af/63e146b13f318e25b0457817_bookmark-icon-tattooist-x-webflow-template.svg]
[assets-global.website-files.com/63e146b13f318ece894576af/63e146b13f318e518845782b_home-icon-tattooist-x-webflow-template.svg]
[assets-global.website-files.com/63e146b13f318ece894576af/63e146b13f318e3d26457818_bulb-icon-tattooist-x-webflow-template.svg]
[assets-global.website-files.com/63e146b13f318ece894576af/63e146b13f318e216a45783f_search-icon-tattooist-x-webflow-template.svg]
[assets-global.website-files.com/63e146b13f318ece894576af/63e146b13f318e0aed457834_message-icon-tattooist-x-webflow-template.svg]
[assets-global.website-files.com/63e146b13f318ece894576af/63e146b13f318e4910457826_file-icon-tattooist-x-webflow-template.svg]
[assets-global.website-files.com/63e146b13f318ece894576af/63e146b13f318e511c457835_key-icon-tattooist-x-webflow-template.svg]
[assets-global.website-files.com/63e146b13f318ece894576af/63e146b13f318e304c457816_calculator-icon-tattooist-x-webflow-template.svg]
[assets-global.website-files.com/63e146b13f318ece894576af/63e146b13f318e169445781a_credit-card-icon-tattooist-x-webflow-template.svg]
[assets-global.website-files.com/63e146b13f318ece894576af/63e146b13f318e1396457819_cart-icon-tattooist-x-webflow-template.svg]
[assets-global.website-files.com/63e146b13f318ece894576af/63e146b13f318edaf2457822_chart-icon-tattooist-x-webflow-template.svg]
[assets-global.website-files.com/63e146b13f318ece894576af/63e146b13f318e554f457837_pipeline-icon-tattooist-x-webflow-template.svg]
[assets-global.website-files.com/63e146b13f318ece894576af/63e146b13f318e530e45784d_target-icon-tattooist-x-webflow-template.svg]
[assets-global.website-files.com/63e146b13f318ece894576af/63e146b13f318e24d2457812_barchart-icon-tattooist-x-webflow-template.svg]
[assets-global.website-files.com/63e146b13f318ece894576af/63e146b13f318e0294457852_wallet-icon-tattooist-x-webflow-template.svg]
[assets-global.website-files.com/63e146b13f318ece894576af/63e146b13f318e3a7f457840_server-icon-tattooist-x-webflow-template.svg]
[assets-global.website-files.com/63e146b13f318ece894576af/63e146b13f318e5df4457823_cloud-icon-tattooist-x-webflow-template.svg]
[assets-global.website-files.com/63e146b13f318ece894576af/63e146b13f318ea67b45783b_protected-icon-tattooist-x-webflow-template.svg]
[assets-global.website-files.com/63e146b13f318ece894576af/63e146b13f318ed692457850_wifi-icon-tattooist-x-webflow-template.svg]
[assets-global.website-files.com/63e146b13f318ece894576af/63e146b13f318e2a8145782d_link-icon-tattooist-x-webflow-template.svg]
[assets-global.website-files.com/63e146b13f318ece894576af/63e146b13f318e6fb345784e_touch-icon-tattooist-x-webflow-template.svg]
[assets-global.website-files.com/63e146b13f318ece894576af/63e146b13f318e6e63457813_camera-icon-tattooist-x-webflow-template.svg]
[assets-global.website-files.com/63e146b13f318ece894576af/63e146b13f318ea1b3457849_video-camera-icon-tattooist-x-webflow-template.svg]
[assets-global.website-files.com/63e146b13f318ece894576af/63e146b13f318e539945784f_video-icon-tattooist-x-webflow-template.svg]
[assets-global.website-files.com/63e146b13f318ece894576af/63e146b13f318e0f6e457851_web-design-icon-tattooist-x-webflow-template.svg]
[assets-global.website-files.com/63e146b13f318ece894576af/63e146b13f318e272745781b_design-icon-tattooist-x-webflow-template.svg]
[assets-global.website-files.com/63e146b13f318ece894576af/63e146b13f318e4c01457820_code-icon-tattooist-x-webflow-template.svg]
[assets-global.website-files.com/63e146b13f318ece894576af/63e146b13f318ea783457842_share-icon-tattooist-x-webflow-template.svg]
[assets-global.website-files.com/63e146b13f318ece894576af/63e146b13f318ed8b645783a_pen-icon-tattooist-x-webflow-template.svg]
[assets-global.website-files.com/63e146b13f318ece894576af/63e146b13f318e6076457841_sand-icon-tattooist-x-webflow-template.svg]
[assets-global.website-files.com/63e146b13f318ece894576af/63e146b13f318e87b74577fe_icon-list-high-quality-products-only-tattooist-webflow-template.svg]
[assets-global.website-files.com/63e146b13f318ece894576af/63e146b13f318e73184577ff_icon-list-30-day-return-warranty-tattooist-webflow-template.svg]
[assets-global.website-files.com/63e146b13f318ece894576af/63e146b13f318e4a074577fd_icon-list-worldwide-shipping-tattooist-webflow-template.svg]
[assets-global.website-files.com/63e146b13f318ece894576af/63e146b13f318e41f3457770_floating-item-machine-tattoo-tattooist-webflow-template.svg]
[assets-global.website-files.com/63e146b13f318ece894576af/63e146b13f318e4cf645776f_floating-item-diamond-tattooist-webflow-template.svg]
